<?xml version="1.0" encoding="UTF-8"?>
<!-- Generated by org.testng.reporters.JUnitReportReporter -->
<testsuite skipped="0" hostname="DESKTOP-K5HOVPF" name="tests.TestReporte" tests="1" failures="0" timestamp="01 feb 2021 04:10:51 GMT" time="50.818" errors="0">
  <testcase name="reportes" time="50.818" classname="tests.TestReporte"/>
</testsuite> <!-- tests.TestReporte -->
