<?xml version="1.0" encoding="UTF-8"?>
<!-- Generated by org.testng.reporters.JUnitReportReporter -->
<testsuite skipped="0" hostname="DESKTOP-K5HOVPF" name="tests.TestReporte" tests="1" failures="0" timestamp="01 feb 2021 04:20:57 GMT" time="44.984" errors="0">
  <testcase name="reportes" time="44.984" classname="tests.TestReporte"/>
</testsuite> <!-- tests.TestReporte -->
